<!DOCTYPE html PUBLIC "-//W3C//DTD XHTML 1.1//EN" "https://www.w3.org/TR/xhtml11/DTD/xhtml11.dtd">
<html xmlns="https://www.w3.org/1999/xhtml">
<head>
<meta http-equiv="content-type" content="text/html; charset=UTF-8"/>
<title>TestNG Report</title>
<style type="text/css">table {margin-bottom:10px;border-collapse:collapse;empty-cells:show}th,td {border:1px solid #009;padding:.25em .5em}th {vertical-align:bottom}td {vertical-align:top}table a {font-weight:bold}.stripe td {background-color: #E6EBF9}.num {text-align:right}.passedodd td {background-color: #3F3}.passedeven td {background-color: #0A0}.skippedodd td {background-color: #DDD}.skippedeven td {background-color: #CCC}.failedodd td,.attn {background-color: #F33}.failedeven td,.stripe .attn {background-color: #D00}.stacktrace {white-space:pre;font-family:monospace}.totop {font-size:85%;text-align:center;border-bottom:2px solid #000}.invisible {display:none}</style>
</head>
<body>
<table>
<tr><th>Test</th><th># Passed</th><th># Skipped</th><th># Retried</th><th># Failed</th><th>Time (ms)</th><th>Included Groups</th><th>Excluded Groups</th></tr>
<tr><th colspan="8">UniCreds</th></tr>
<tr><td><a href="#t0">ContactPageTest</a></td><td class="num">5</td><td class="num">0</td><td class="num">0</td><td class="num attn">6</td><td class="num">14,458</td><td></td><td></td></tr>
</table>
<table id='summary'><thead><tr><th>Class</th><th>Method</th><th>Start</th><th>Time (ms)</th></tr></thead><tbody><tr><th colspan="4">UniCreds</th></tr></tbody><tbody id="t0"><tr><th colspan="4">ContactPageTest &#8212; failed</th></tr><tr class="failedeven"><td rowspan="6">com.UniCreds.testScripts.ContactPageTest</td><td><a href="#m0">_2_submitDirectly</a></td><td rowspan="1">1667144258789</td><td rowspan="1">127</td></tr><tr class="failedeven"><td><a href="#m1">_3_enterDetails</a></td><td rowspan="4">1667144262264</td><td rowspan="4">448</td></tr><tr class="failedeven"><td><a href="#m2">_3_enterDetails</a></td></tr><tr class="failedeven"><td><a href="#m3">_3_enterDetails</a></td></tr><tr class="failedeven"><td><a href="#m4">_3_enterDetails</a></td></tr><tr class="failedeven"><td><a href="#m5">_4_defaultCountryCode</a></td><td rowspan="1">1667144263568</td><td rowspan="1">368</td></tr><tr><th colspan="4">ContactPageTest &#8212; passed</th></tr><tr class="passedeven"><td rowspan="5">com.UniCreds.testScripts.ContactPageTest</td><td><a href="#m6">_0_checkTitle</a></td><td rowspan="1">1667144258675</td><td rowspan="1">33</td></tr><tr class="passedeven"><td><a href="#m7">_1_validateFormVisibility</a></td><td rowspan="1">1667144258720</td><td rowspan="1">66</td></tr><tr class="passedeven"><td><a href="#m8">_3_enterDetails</a></td><td rowspan="2">1667144259876</td><td rowspan="2">1090</td></tr><tr class="passedeven"><td><a href="#m9">_3_enterDetails</a></td></tr><tr class="passedeven"><td><a href="#m10">_5_checkInputBoxColorOnError</a></td><td rowspan="1">1667144264102</td><td rowspan="1">3062</td></tr></tbody>
</table>
<h2>ContactPageTest</h2><h3 id="m0">com.UniCreds.testScripts.ContactPageTest#_2_submitDirectly</h3><table class="result"><tr><th>Exception</th></tr><tr><td><div class="stacktrace">java.lang.AssertionError: expected [true] but found [false]
	at com.UniCreds.testScripts.ContactPageTest.checkData(ContactPageTest.java:45)
	at com.UniCreds.testScripts.ContactPageTest._2_submitDirectly(ContactPageTest.java:82)
	at java.base/java.util.ArrayList.forEach(ArrayList.java:1511)
... Removed 31 stack frames</div></td></tr></table><p class="totop"><a href="#summary">back to summary</a></p>
<h3 id="m1">com.UniCreds.testScripts.ContactPageTest#_3_enterDetails</h3><table class="result"><tr class="param"><th>Parameter #1</th><th>Parameter #2</th><th>Parameter #3</th><th>Parameter #4</th><th>Parameter #5</th></tr><tr class="param stripe"><td>cuAOr</td><td>zvrvs@gmail.com</td><td>hhhbt757@jgjghg</td><td>TrSRdTyllS</td><td>Invalid mobile format i.e alphanumeric is given</td></tr><tr><th colspan="5">Exception</th></tr><tr><td colspan="5"><div class="stacktrace">java.lang.AssertionError: expected [true] but found [false]
	at com.UniCreds.testScripts.ContactPageTest.checkData(ContactPageTest.java:45)
	at com.UniCreds.testScripts.ContactPageTest._3_enterDetails(ContactPageTest.java:93)
	at java.base/java.util.ArrayList.forEach(ArrayList.java:1511)
... Removed 31 stack frames</div></td></tr></table><p class="totop"><a href="#summary">back to summary</a></p>
<h3 id="m2">com.UniCreds.testScripts.ContactPageTest#_3_enterDetails</h3><table class="result"><tr class="param"><th>Parameter #1</th><th>Parameter #2</th><th>Parameter #3</th><th>Parameter #4</th><th>Parameter #5</th></tr><tr class="param stripe"><td>oIVvZ</td><td>nvbbh@gmail.com</td><td>38288</td><td>xWeFnotnxO</td><td>Mobile Number&apos;s length is less than standard format</td></tr><tr><th colspan="5">Exception</th></tr><tr><td colspan="5"><div class="stacktrace">java.lang.AssertionError: expected [true] but found [false]
	at com.UniCreds.testScripts.ContactPageTest.checkData(ContactPageTest.java:45)
	at com.UniCreds.testScripts.ContactPageTest._3_enterDetails(ContactPageTest.java:93)
	at java.base/java.util.ArrayList.forEach(ArrayList.java:1511)
... Removed 31 stack frames</div></td></tr></table><p class="totop"><a href="#summary">back to summary</a></p>
<h3 id="m3">com.UniCreds.testScripts.ContactPageTest#_3_enterDetails</h3><table class="result"><tr class="param"><th>Parameter #1</th><th>Parameter #2</th><th>Parameter #3</th><th>Parameter #4</th><th>Parameter #5</th></tr><tr class="param stripe"><td>huQRm</td><td>tfynj@gmail.com</td><td>hhhbt757@jgjghg</td><td>JnjoswObwj</td><td>Mobile number provided is &lt; 6</td></tr><tr><th colspan="5">Exception</th></tr><tr><td colspan="5"><div class="stacktrace">java.lang.AssertionError: expected [true] but found [false]
	at com.UniCreds.testScripts.ContactPageTest.checkData(ContactPageTest.java:45)
	at com.UniCreds.testScripts.ContactPageTest._3_enterDetails(ContactPageTest.java:93)
	at java.base/java.util.ArrayList.forEach(ArrayList.java:1511)
... Removed 31 stack frames</div></td></tr></table><p class="totop"><a href="#summary">back to summary</a></p>
<h3 id="m4">com.UniCreds.testScripts.ContactPageTest#_3_enterDetails</h3><table class="result"><tr class="param"><th>Parameter #1</th><th>Parameter #2</th><th>Parameter #3</th><th>Parameter #4</th><th>Parameter #5</th></tr><tr class="param stripe"><td></td><td></td><td></td><td></td><td>Empty data set</td></tr><tr><th colspan="5">Exception</th></tr><tr><td colspan="5"><div class="stacktrace">java.lang.AssertionError: expected [true] but found [false]
	at com.UniCreds.testScripts.ContactPageTest.checkData(ContactPageTest.java:45)
	at com.UniCreds.testScripts.ContactPageTest._3_enterDetails(ContactPageTest.java:93)
	at java.base/java.util.ArrayList.forEach(ArrayList.java:1511)
... Removed 31 stack frames</div></td></tr></table><p class="totop"><a href="#summary">back to summary</a></p>
<h3 id="m5">com.UniCreds.testScripts.ContactPageTest#_4_defaultCountryCode</h3><table class="result"><tr><th>Exception</th></tr><tr><td><div class="stacktrace">java.lang.AssertionError: expected [India (+91)] but found [Bhutan (+975)]
	at com.UniCreds.testScripts.ContactPageTest._4_defaultCountryCode(ContactPageTest.java:100)
	at java.base/java.util.ArrayList.forEach(ArrayList.java:1511)
... Removed 33 stack frames</div></td></tr></table><p class="totop"><a href="#summary">back to summary</a></p>
<h3 id="m6">com.UniCreds.testScripts.ContactPageTest#_0_checkTitle</h3><table class="result"><tr><th class="invisible"/></tr></table><p class="totop"><a href="#summary">back to summary</a></p>
<h3 id="m7">com.UniCreds.testScripts.ContactPageTest#_1_validateFormVisibility</h3><table class="result"><tr><th class="invisible"/></tr></table><p class="totop"><a href="#summary">back to summary</a></p>
<h3 id="m8">com.UniCreds.testScripts.ContactPageTest#_3_enterDetails</h3><table class="result"><tr class="param"><th>Parameter #1</th><th>Parameter #2</th><th>Parameter #3</th><th>Parameter #4</th><th>Parameter #5</th></tr><tr class="param stripe"><td>pDiJC</td><td>omswo@gmail.com</td><td>6779984501</td><td>KjUoKBfNRb</td><td>Valid data set</td></tr></table><p class="totop"><a href="#summary">back to summary</a></p>
<h3 id="m9">com.UniCreds.testScripts.ContactPageTest#_3_enterDetails</h3><table class="result"><tr class="param"><th>Parameter #1</th><th>Parameter #2</th><th>Parameter #3</th><th>Parameter #4</th><th>Parameter #5</th></tr><tr class="param stripe"><td>uHqBd</td><td>zqfus</td><td>008318</td><td>FklLExCBQH</td><td>Invalid email format</td></tr></table><p class="totop"><a href="#summary">back to summary</a></p>
<h3 id="m10">com.UniCreds.testScripts.ContactPageTest#_5_checkInputBoxColorOnError</h3><table class="result"><tr><th class="invisible"/></tr></table><p class="totop"><a href="#summary">back to summary</a></p>
</body>
</html>
