<?xml version="1.0" encoding="UTF-8"?>
<!-- Generated by org.testng.reporters.JUnitXMLReporter -->
<testsuite ignored="0" hostname="LAPTOP-KA4DGM33" failures="6" tests="11" name="ContactPageTest" time="14.458" errors="0" timestamp="2022-10-30T21:07:47 IST">
  <testcase classname="com.UniCreds.testScripts.ContactPageTest" name="_0_checkTitle" time="0.033"/>
  <testcase classname="com.UniCreds.testScripts.ContactPageTest" name="_1_validateFormVisibility" time="0.066"/>
  <testcase classname="com.UniCreds.testScripts.ContactPageTest" name="_2_submitDirectly" time="0.127">
    <failure type="java.lang.AssertionError" message="expected [true] but found [false]">
      <![CDATA[java.lang.AssertionError: expected [true] but found [false]
at com.UniCreds.testScripts.ContactPageTest.checkData(ContactPageTest.java:45)
at com.UniCreds.testScripts.ContactPageTest._2_submitDirectly(ContactPageTest.java:82)
at java.base/java.util.ArrayList.forEach(ArrayList.java:1511)
... Removed 31 stack frames]]>
    </failure>
  </testcase> <!-- _2_submitDirectly -->
  <testcase classname="com.UniCreds.testScripts.ContactPageTest" name="_3_enterDetails" time="0.489">
    <failure type="java.lang.AssertionError" message="expected [true] but found [false]">
      <![CDATA[java.lang.AssertionError: expected [true] but found [false]
at com.UniCreds.testScripts.ContactPageTest.checkData(ContactPageTest.java:45)
at com.UniCreds.testScripts.ContactPageTest._3_enterDetails(ContactPageTest.java:93)
at java.base/java.util.ArrayList.forEach(ArrayList.java:1511)
... Removed 31 stack frames]]>
    </failure>
  </testcase> <!-- _3_enterDetails -->
  <testcase classname="com.UniCreds.testScripts.ContactPageTest" name="_3_enterDetails" time="1.09"/>
  <testcase classname="com.UniCreds.testScripts.ContactPageTest" name="_3_enterDetails" time="0.538">
    <failure type="java.lang.AssertionError" message="expected [true] but found [false]">
      <![CDATA[java.lang.AssertionError: expected [true] but found [false]
at com.UniCreds.testScripts.ContactPageTest.checkData(ContactPageTest.java:45)
at com.UniCreds.testScripts.ContactPageTest._3_enterDetails(ContactPageTest.java:93)
at java.base/java.util.ArrayList.forEach(ArrayList.java:1511)
... Removed 31 stack frames]]>
    </failure>
  </testcase> <!-- _3_enterDetails -->
  <testcase classname="com.UniCreds.testScripts.ContactPageTest" name="_3_enterDetails" time="0.551"/>
  <testcase classname="com.UniCreds.testScripts.ContactPageTest" name="_3_enterDetails" time="0.448">
    <failure type="java.lang.AssertionError" message="expected [true] but found [false]">
      <![CDATA[java.lang.AssertionError: expected [true] but found [false]
at com.UniCreds.testScripts.ContactPageTest.checkData(ContactPageTest.java:45)
at com.UniCreds.testScripts.ContactPageTest._3_enterDetails(ContactPageTest.java:93)
at java.base/java.util.ArrayList.forEach(ArrayList.java:1511)
... Removed 31 stack frames]]>
    </failure>
  </testcase> <!-- _3_enterDetails -->
  <testcase classname="com.UniCreds.testScripts.ContactPageTest" name="_3_enterDetails" time="0.484">
    <failure type="java.lang.AssertionError" message="expected [true] but found [false]">
      <![CDATA[java.lang.AssertionError: expected [true] but found [false]
at com.UniCreds.testScripts.ContactPageTest.checkData(ContactPageTest.java:45)
at com.UniCreds.testScripts.ContactPageTest._3_enterDetails(ContactPageTest.java:93)
at java.base/java.util.ArrayList.forEach(ArrayList.java:1511)
... Removed 31 stack frames]]>
    </failure>
  </testcase> <!-- _3_enterDetails -->
  <testcase classname="com.UniCreds.testScripts.ContactPageTest" name="_4_defaultCountryCode" time="0.368">
    <failure type="java.lang.AssertionError" message="expected [India (+91)] but found [Bhutan (+975)]">
      <![CDATA[java.lang.AssertionError: expected [India (+91)] but found [Bhutan (+975)]
at com.UniCreds.testScripts.ContactPageTest._4_defaultCountryCode(ContactPageTest.java:100)
at java.base/java.util.ArrayList.forEach(ArrayList.java:1511)
... Removed 33 stack frames]]>
    </failure>
  </testcase> <!-- _4_defaultCountryCode -->
  <testcase classname="com.UniCreds.testScripts.ContactPageTest" name="_5_checkInputBoxColorOnError" time="3.062"/>
</testsuite> <!-- ContactPageTest -->
